<?xml version="1.0" encoding="UTF-8"?>
<testsuite name="Trabajar con MyExtra" tests="1" skipped="0" failures="0" errors="0" timestamp="2018-09-13T14:31:14" hostname="CHMEPPF0GXCBP" time="53.156">
  <properties/>
  <testcase name="Ingresar a MyExtra" classname="Trabajar con MyExtra" time="53.156"/>
  <system-out><![CDATA[]]></system-out>
  <system-err><![CDATA[Starting ChromeDriver 2.39.562718 (9a2698cba08cf5a471a29d30c8b3e12becabb0e9) on port 4471
Only local connections are allowed.
sep 13, 2018 9:31:33 AM org.openqa.selenium.remote.ProtocolHandshake createSession
INFORMACIÓN: Detected dialect: OSS
[Test worker] INFO net.serenitybdd.core.Serenity - 
        __    _____ _____ ____ _____   ____   _    ____  ____  _____ ____  
  _     \ \  |_   _| ____/ ___|_   _| |  _ \ / \  / ___|/ ___|| ____|  _ \ 
 (_)_____| |   | | |  _| \___ \ | |   | |_) / _ \ \___ \\___ \|  _| | | | |
  _|_____| |   | | | |___ ___) || |   |  __/ ___ \ ___) |___) | |___| |_| |
 (_)     | |   |_| |_____|____/ |_|   |_| /_/   \_\____/|____/|_____|____/ 
        /_/                                                                

TEST PASSED: Ingresar a MyExtra
----------------------------------------------------------------------------
]]></system-err>
</testsuite>
